<?xml version="1.0" encoding="UTF-8"?>
<!-- Generated by org.testng.reporters.JUnitReportReporter -->
<testsuite skipped="0" hostname="DESKTOP-FV5BPAN" name="test.maven.selenium.ApiTest" tests="2" failures="0" timestamp="02 Sep 2019 18:01:16 GMT" time="0.016" errors="0">
  <testcase name="testApiMethod1" time="0.000" classname="test.maven.selenium.ApiTest"/>
  <testcase name="testApiMethod2" time="0.016" classname="test.maven.selenium.ApiTest"/>
</testsuite> <!-- test.maven.selenium.ApiTest -->
