<?xml version="1.0" encoding="UTF-8"?>
<!-- Generated by org.testng.reporters.JUnitReportReporter -->
<testsuite skipped="0" hostname="DESKTOP-FV5BPAN" name="test.maven.selenium.ExcelDataExtract" tests="1" failures="0" timestamp="02 Sep 2019 17:20:40 GMT" time="0.625" errors="0">
  <testcase name="getData" time="0.625" classname="test.maven.selenium.ExcelDataExtract"/>
</testsuite> <!-- test.maven.selenium.ExcelDataExtract -->
