<?xml version="1.0" encoding="UTF-8"?>
<!-- Generated by org.testng.reporters.JUnitReportReporter -->
<testsuite skipped="0" hostname="DESKTOP-FV5BPAN" name="test.maven.selenium.ExcelDataExtractTest" tests="1" failures="0" timestamp="2019-09-02T20:28:08 CAT" time="0.491" errors="0">
  <testcase name="getData" time="0.491" classname="test.maven.selenium.ExcelDataExtractTest"/>
</testsuite> <!-- test.maven.selenium.ExcelDataExtractTest -->
