<?xml version="1.0" encoding="UTF-8"?>
<!-- Generated by org.testng.reporters.JUnitReportReporter -->
<testsuite skipped="0" hostname="DESKTOP-FV5BPAN" name="test.maven.selenium.PracticeTest" tests="2" failures="0" timestamp="2019-09-02T20:28:08 CAT" time="0.007" errors="0">
  <testcase name="testPracticeMethod1" time="0.007" classname="test.maven.selenium.PracticeTest"/>
  <testcase name="testPracticeMethod2" time="0.000" classname="test.maven.selenium.PracticeTest"/>
</testsuite> <!-- test.maven.selenium.PracticeTest -->
